<?xml version="1.0" encoding="UTF-8"?>
<!-- Generated by org.testng.reporters.JUnitXMLReporter -->
<testsuite ignored="0" hostname="DESKTOP-V5373MN" failures="0" tests="5" name="Test" time="176.156" errors="0" timestamp="2025-09-04T07:56:29 IST">
  <testcase classname="Scenarios.Amazon.TestCase2_LoginSearchAndLogout" name="withValidCredentials" time="16.946"/>
  <testcase classname="Scenarios.Amazon.TestCase3_LoginSearchWishListAndLogout" name="withValidCredentials" time="29.748"/>
  <testcase classname="Scenarios.Amazon.TestCase1_LoginAndLogout" name="withValidCredentials" time="9.503"/>
  <testcase classname="Scenarios.Amazon.TestCase4_LoginSearchWishListCartAndLogout" name="withValidCredentials" time="31.053"/>
  <testcase classname="Scenarios.Amazon.TestCase5_SearchCartLoginPaymentAndLogout" name="withValidCredentials" time="35.939"/>
</testsuite> <!-- Test -->
