<?xml version="1.0" encoding="UTF-8"?>
<testng-results ignored="0" total="1" passed="1" failed="0" skipped="0">
  <reporter-output>
    <line>
      <![CDATA[Hoverover on Sigin in homepage-SO that login can be done]]>
    </line>
    <line>
      <![CDATA[Email id accepeted]]>
    </line>
    <line>
      <![CDATA[Password is accepeted]]>
    </line>
    <line>
      <![CDATA[Click on sigin button is done]]>
    </line>
  </reporter-output>
  <suite started-at="2025-09-05T09:21:09 IST" name="Default suite" finished-at="2025-09-05T09:21:35 IST" duration-ms="26912">
    <groups>
    </groups>
    <test started-at="2025-09-05T09:21:09 IST" name="Default test" finished-at="2025-09-05T09:21:35 IST" duration-ms="26912">
      <class name="Scenarios.facebook.TestCase1_LoginAndLogout">
        <test-method is-config="true" signature="launchBrowser()[pri:0, instance:Scenarios.facebook.TestCase1_LoginAndLogout@62379589]" started-at="2025-09-05T09:21:09 IST" name="launchBrowser" finished-at="2025-09-05T09:21:20 IST" duration-ms="11557" status="PASS">
          <reporter-output>
          </reporter-output>
        </test-method> <!-- launchBrowser -->
        <test-method signature="withValidCredentials()[pri:0, instance:Scenarios.facebook.TestCase1_LoginAndLogout@62379589]" started-at="2025-09-05T09:21:20 IST" name="withValidCredentials" finished-at="2025-09-05T09:21:35 IST" duration-ms="14411" status="PASS">
          <reporter-output>
            <line>
              <![CDATA[Hoverover on Sigin in homepage-SO that login can be done]]>
            </line>
            <line>
              <![CDATA[Email id accepeted]]>
            </line>
            <line>
              <![CDATA[Password is accepeted]]>
            </line>
            <line>
              <![CDATA[Click on sigin button is done]]>
            </line>
          </reporter-output>
        </test-method> <!-- withValidCredentials -->
        <test-method is-config="true" signature="quitBrowser()[pri:0, instance:Scenarios.facebook.TestCase1_LoginAndLogout@62379589]" started-at="2025-09-05T09:21:35 IST" name="quitBrowser" finished-at="2025-09-05T09:21:35 IST" duration-ms="864" status="PASS">
          <reporter-output>
          </reporter-output>
        </test-method> <!-- quitBrowser -->
      </class> <!-- Scenarios.facebook.TestCase1_LoginAndLogout -->
    </test> <!-- Default test -->
  </suite> <!-- Default suite -->
</testng-results>
